"../../../Engine/Content/BasicShapes/BasicShapeMaterial.uasset" 0
"../../../Engine/Content/Functions/Engine_MaterialFunctions01/Opacity/CameraDepthFade.uasset" 1
"../../../Engine/Content/EngineMaterials/T_Default_Material_Grid_M.uasset" 2
"../../../Engine/Content/EngineMaterials/T_Default_Material_Grid_N.uasset" 3
"../../../Engine/Content/EngineMaterials/DefaultMaterial.uasset" 4
"../../../Engine/Content/BasicShapes/Sphere.uasset" 5
"../../../../../../Documents/Unreal Projects/Bombus/Content/BombusContent/AI_Basic/AI_Character_Basic.uasset" 6
"../../../../../../Documents/Unreal Projects/Bombus/Content/BombusContent/AI_Basic/Bb_Basic.uasset" 7
"../../../../../../Documents/Unreal Projects/Bombus/Content/BombusContent/AI_Basic/AI_Controller_Basic.uasset" 8
"../../../../../../Documents/Unreal Projects/Bombus/Content/BombusContent/AI_Basic/BTDecorator_CloseEnough.uasset" 9
"../../../Engine/Content/EditorBlueprintResources/StandardMacros.uasset" 10
"../../../../../../Documents/Unreal Projects/Bombus/Content/BombusContent/AI_Basic/BTService_AgroCheck.uasset" 11
"../../../../../../Documents/Unreal Projects/Bombus/Content/BombusContent/AI_Basic/BTTask_RapidMoveTo.uasset" 12
"../../../../../../Documents/Unreal Projects/Bombus/Content/BombusContent/AI_Basic/BT_Basic.uasset" 13
"../../../../../../Documents/Unreal Projects/Bombus/Content/BombusContent/Collectables/SimpleMat.uasset" 14
"../../../../../../Documents/Unreal Projects/Bombus/Content/BombusContent/Collectables/SimpleMat_Inst.uasset" 15
"../../../../../../Documents/Unreal Projects/Bombus/Content/BombusContent/Sound/BeeMount_Constant.uasset" 16
"../../../../../../Documents/Unreal Projects/Bombus/Content/BombusContent/Sound/BeeMount_Constant_Cue.uasset" 17
"../../../../../../Documents/Unreal Projects/Bombus/Content/BombusContent/Sound/BeeMount_Revs.uasset" 18
"../../../../../../Documents/Unreal Projects/Bombus/Content/BombusContent/Sound/BeeMount_Revs_Cue.uasset" 19
"../../../../../../Documents/Unreal Projects/Bombus/Content/StarterContent/Materials/M_Basic_Wall.uasset" 20
"../../../../../../Documents/Unreal Projects/Bombus/Content/StarterContent/Architecture/Pillar_50x500.uasset" 21
"../../../../../../Documents/Unreal Projects/Bombus/Content/StarterContent/Architecture/Wall_400x300.uasset" 22
"../../../../../../Documents/Unreal Projects/Bombus/Content/StarterContent/Architecture/Wall_400x400.uasset" 23
"../../../../../../Documents/Unreal Projects/Bombus/Content/StarterContent/Architecture/Wall_500x500.uasset" 24
"../../../../../../Documents/Unreal Projects/Bombus/Content/StarterContent/Architecture/Wall_Door_400x400.uasset" 25
"../../../../../../Documents/Unreal Projects/Bombus/Content/StarterContent/Architecture/Wall_Window_400x400.uasset" 26
"../../../../../../Documents/Unreal Projects/Bombus/Content/StarterContent/Audio/Collapse01.uasset" 27
"../../../../../../Documents/Unreal Projects/Bombus/Content/StarterContent/Audio/Collapse02.uasset" 28
"../../../../../../Documents/Unreal Projects/Bombus/Content/StarterContent/Audio/Explosion01.uasset" 29
"../../../../../../Documents/Unreal Projects/Bombus/Content/StarterContent/Audio/Explosion02.uasset" 30
"../../../../../../Documents/Unreal Projects/Bombus/Content/StarterContent/Audio/Fire01.uasset" 31
"../../../../../../Documents/Unreal Projects/Bombus/Content/StarterContent/Audio/Fire_Sparks01.uasset" 32
"../../../../../../Documents/Unreal Projects/Bombus/Content/StarterContent/Audio/Light01.uasset" 33
"../../../../../../Documents/Unreal Projects/Bombus/Content/StarterContent/Audio/Light01_Cue.uasset" 34
"../../../../../../Documents/Unreal Projects/Bombus/Content/StarterContent/Audio/Light02.uasset" 35
"../../../../../../Documents/Unreal Projects/Bombus/Content/StarterContent/Audio/Light02_Cue.uasset" 36
"../../../../../../Documents/Unreal Projects/Bombus/Content/StarterContent/Audio/Smoke01.uasset" 37
"../../../../../../Documents/Unreal Projects/Bombus/Content/StarterContent/Audio/Starter_Birds01.uasset" 38
"../../../../../../Documents/Unreal Projects/Bombus/Content/StarterContent/Audio/Starter_Music01.uasset" 39
"../../../../../../Documents/Unreal Projects/Bombus/Content/StarterContent/Audio/Starter_Wind05.uasset" 40
"../../../../../../Documents/Unreal Projects/Bombus/Content/StarterContent/Audio/Starter_Wind06.uasset" 41
"../../../../../../Documents/Unreal Projects/Bombus/Content/StarterContent/Audio/Steam01.uasset" 42
"../../../../../../Documents/Unreal Projects/Bombus/Content/StarterContent/Audio/Explosion_Cue.uasset" 43
"../../../../../../Documents/Unreal Projects/Bombus/Content/StarterContent/Textures/T_Burst_M.uasset" 44
"../../../../../../Documents/Unreal Projects/Bombus/Content/StarterContent/Particles/Materials/M_Burst.uasset" 45
"../../../../../../Documents/Unreal Projects/Bombus/Content/StarterContent/Textures/T_Explosion_SubUV.uasset" 46
"../../../../../../Documents/Unreal Projects/Bombus/Content/StarterContent/Particles/Materials/M_explosion_subUV.uasset" 47
"../../../../../../Documents/Unreal Projects/Bombus/Content/StarterContent/Particles/Materials/m_flare_01.uasset" 48
"../../../Engine/Content/Functions/Engine_MaterialFunctions01/Gradient/RadialGradient.uasset" 49
"../../../../../../Documents/Unreal Projects/Bombus/Content/StarterContent/Particles/Materials/M_radial_ramp.uasset" 50
"../../../../../../Documents/Unreal Projects/Bombus/Content/StarterContent/Textures/T_Smoke_SubUV.uasset" 51
"../../../../../../Documents/Unreal Projects/Bombus/Content/StarterContent/Textures/T_Smoke_Tiled_D.uasset" 52
"../../../../../../Documents/Unreal Projects/Bombus/Content/StarterContent/Particles/Materials/M_smoke_subUV.uasset" 53
"../../../../../../Documents/Unreal Projects/Bombus/Content/StarterContent/Particles/P_Explosion.uasset" 54
"../../../../../../Documents/Unreal Projects/Bombus/Content/StarterContent/Blueprints/Blueprint_Effect_Explosion.uasset" 55
"../../../../../../Documents/Unreal Projects/Bombus/Content/StarterContent/Geometry/Meshes/CubeMaterial.uasset" 56
"../../../../../../Documents/Unreal Projects/Bombus/Content/StarterContent/Geometry/Meshes/1M_Cube_Chamfer.uasset" 57
"../../../../../../Documents/Unreal Projects/Bombus/Content/StarterContent/Mannequin/Character/Mesh/UE4_Mannequin_Skeleton.uasset" 58
"../../../../../../Documents/Unreal Projects/Bombus/Content/StarterContent/Mannequin/Animations/ThirdPersonJump_End.uasset" 59
"../../../Engine/Content/EditorMeshes/ColorCalibrator/T_ColorGrid.uasset" 60
"../../../../../../Documents/Unreal Projects/Bombus/Content/StarterContent/Materials/M_ColorGrid_LowSpec.uasset" 61
"../../../../../../Documents/Unreal Projects/Bombus/Content/StarterContent/Textures/T_Bush_D.uasset" 62
"../../../../../../Documents/Unreal Projects/Bombus/Content/StarterContent/Textures/T_Bush_N.uasset" 63
"../../../../../../Documents/Unreal Projects/Bombus/Content/StarterContent/Props/Materials/M_Bush.uasset" 64
"../../../../../../Documents/Unreal Projects/Bombus/Content/StarterContent/Props/SM_Bush.uasset" 65
"../../../../../../Documents/Unreal Projects/Bombus/Content/StarterContent/Textures/T_Chair_M.uasset" 66
"../../../../../../Documents/Unreal Projects/Bombus/Content/StarterContent/Textures/T_Chair_N.uasset" 67
"../../../../../../Documents/Unreal Projects/Bombus/Content/StarterContent/Props/Materials/M_Chair.uasset" 68
"../../../../../../Documents/Unreal Projects/Bombus/Content/StarterContent/Props/SM_Couch.uasset" 69
"../../../../../../Documents/Unreal Projects/Bombus/Content/StarterContent/Materials/M_Glass.uasset" 70
"../../../../../../Documents/Unreal Projects/Bombus/Content/StarterContent/Textures/T_Door_M.uasset" 71
"../../../../../../Documents/Unreal Projects/Bombus/Content/StarterContent/Textures/T_Door_N.uasset" 72
"../../../../../../Documents/Unreal Projects/Bombus/Content/StarterContent/Props/Materials/M_Door.uasset" 73
"../../../../../../Documents/Unreal Projects/Bombus/Content/StarterContent/Props/SM_Door.uasset" 74
"../../../../../../Documents/Unreal Projects/Bombus/Content/StarterContent/Props/Materials/M_MaterialSphere.uasset" 75
"../../../../../../Documents/Unreal Projects/Bombus/Content/StarterContent/Props/Materials/M_MaterialSphere_Plain.uasset" 76
"../../../../../../Documents/Unreal Projects/Bombus/Content/StarterContent/Props/SM_MatPreviewMesh_02.uasset" 77
"../../../Engine/Content/Functions/Engine_MaterialFunctions02/Utility/BlendAngleCorrectedNormals.uasset" 78
"../../../../../../Documents/Unreal Projects/Bombus/Content/StarterContent/Textures/T_Detail_Rocky_N.uasset" 79
"../../../../../../Documents/Unreal Projects/Bombus/Content/StarterContent/Textures/T_Rock_Basalt_D.uasset" 80
"../../../../../../Documents/Unreal Projects/Bombus/Content/StarterContent/Textures/T_RockMesh_M.uasset" 81
"../../../../../../Documents/Unreal Projects/Bombus/Content/StarterContent/Textures/T_RockMesh_N.uasset" 82
"../../../../../../Documents/Unreal Projects/Bombus/Content/StarterContent/Props/Materials/M_Rock.uasset" 83
"../../../../../../Documents/Unreal Projects/Bombus/Content/StarterContent/Props/SM_Rock.uasset" 84
"../../../../../../Documents/Unreal Projects/Bombus/Content/StarterContent/Textures/T_Shelf_M.uasset" 85
"../../../../../../Documents/Unreal Projects/Bombus/Content/StarterContent/Textures/T_Shelf_N.uasset" 86
"../../../../../../Documents/Unreal Projects/Bombus/Content/StarterContent/Props/Materials/M_Shelf.uasset" 87
"../../../../../../Documents/Unreal Projects/Bombus/Content/StarterContent/Props/SM_Shelf.uasset" 88
"../../../../../../Documents/Unreal Projects/Bombus/Content/StarterContent/Materials/M_Basic_Floor.uasset" 89
"../../../../../../Documents/Unreal Projects/Bombus/Content/StarterContent/Props/SM_Stairs.uasset" 90
"../../../../../../Documents/Unreal Projects/Bombus/Content/StarterContent/Shapes/Shape_Cone.uasset" 91
"../../../../../../Documents/Unreal Projects/Bombus/Content/StarterContent/Shapes/Shape_Cylinder.uasset" 92
"../../../../../../Documents/Unreal Projects/Bombus/Content/StarterContent/Shapes/Shape_NarrowCapsule.uasset" 93
"../../../../../../Documents/Unreal Projects/Bombus/Content/StarterContent/Shapes/Shape_Pipe.uasset" 94
"../../../../../../Documents/Unreal Projects/Bombus/Content/StarterContent/Shapes/Shape_Pipe_180.uasset" 95
"../../../../../../Documents/Unreal Projects/Bombus/Content/StarterContent/Shapes/Shape_Pipe_90.uasset" 96
"../../../../../../Documents/Unreal Projects/Bombus/Content/StarterContent/Shapes/Shape_Plane.uasset" 97
"../../../../../../Documents/Unreal Projects/Bombus/Content/StarterContent/Shapes/Shape_Torus.uasset" 98
"../../../../../../Documents/Unreal Projects/Bombus/Content/StarterContent/Shapes/Shape_Trim.uasset" 99
"../../../../../../Documents/Unreal Projects/Bombus/Content/StarterContent/Shapes/Shape_Trim_90_In.uasset" 100
"../../../../../../Documents/Unreal Projects/Bombus/Content/StarterContent/Shapes/Shape_Trim_90_Out.uasset" 101
"../../../../../../Documents/Unreal Projects/Bombus/Content/StarterContent/Shapes/Shape_TriPyramid.uasset" 102
"../../../../../../Documents/Unreal Projects/Bombus/Content/StarterContent/Shapes/Shape_Tube.uasset" 103
"../../../../../../Documents/Unreal Projects/Bombus/Content/StarterContent/Shapes/Shape_Wedge_A.uasset" 104
"../../../../../../Documents/Unreal Projects/Bombus/Content/StarterContent/Shapes/Shape_Wedge_B.uasset" 105
"../../../../../../Documents/Unreal Projects/Bombus/Content/StarterContent/Shapes/Shape_WideCapsule.uasset" 106
"../../../Engine/Content/BasicShapes/Cone.uasset" 107
"../../../Engine/Content/EngineMaterials/WorldGridMaterial.uasset" 108
"../../../Engine/Content/BasicShapes/Cube.uasset" 109
"../../../Engine/Content/BasicShapes/Cylinder.uasset" 110
"../../../Engine/Content/EditorLandscapeResources/DataLayer.uasset" 111
"../../../Engine/Content/EditorMaterials/GizmoMaterial.uasset" 112
"../../../Engine/Content/EditorMaterials/MAT_Groups_Toggle.uasset" 113
"../../../Engine/Content/EditorMaterials/MAT_Groups_Visibility.uasset" 114
"../../../Engine/Content/EditorMaterials/PreviewShadowIndicator.uasset" 115
"../../../Engine/Content/EditorMaterials/PreviewShadowIndicatorMaterial.uasset" 116
"../../../Engine/Content/EditorMaterials/MatineeGroups/MAT_ColorTrack.uasset" 117
"../../../Engine/Content/EditorMaterials/MatineeGroups/MAT_Groups_Anim.uasset" 118
"../../../Engine/Content/EditorMaterials/MatineeGroups/MAT_Groups_AudioMaster.uasset" 119
"../../../Engine/Content/EditorMaterials/MatineeGroups/MAT_Groups_Director.uasset" 120
"../../../Engine/Content/EditorMaterials/MatineeGroups/MAT_Groups_Event.uasset" 121
"../../../Engine/Content/EditorMaterials/MatineeGroups/MAT_Groups_Fade.uasset" 122
"../../../Engine/Content/EditorMaterials/MatineeGroups/MAT_Groups_Float.uasset" 123
"../../../Engine/Content/EditorMaterials/MatineeGroups/MAT_Groups_Move.uasset" 124
"../../../Engine/Content/EditorMaterials/MatineeGroups/MAT_Groups_Slomo.uasset" 125
"../../../Engine/Content/EditorMaterials/MatineeGroups/MAT_Groups_Sound.uasset" 126
"../../../Engine/Content/EditorMaterials/MatineeGroups/MAT_Groups_Vector.uasset" 127
"../../../Engine/Content/EditorMaterials/ParticleSystems/PSysThumbnail_NoImage.uasset" 128
"../../../Engine/Content/EditorMaterials/ParticleSystems/PSysThumbnail_OOD.uasset" 129
"../../../Engine/Content/EditorMaterials/Camera/CineMat.uasset" 130
"../../../Engine/Content/EditorMaterials/Camera/MI_CineMat_Rig.uasset" 131
"../../../Engine/Content/EditorMeshes/Camera/SM_CraneRig_Arm.uasset" 132
"../../../Engine/Content/EditorMeshes/Camera/SM_CraneRig_Base.uasset" 133
"../../../Engine/Content/EditorMeshes/Camera/SM_CraneRig_Body.uasset" 134
"../../../Engine/Content/EditorMeshes/Camera/SM_CraneRig_Mount.uasset" 135
"../../../Engine/Content/EditorMeshes/Camera/SM_RailRig_Mount.uasset" 136
"../../../Engine/Content/EditorMeshes/Camera/SM_RailRig_Track.uasset" 137
"../../../Engine/Content/EditorResources/BSPVertex.uasset" 138
"../../../Engine/Content/EditorResources/EmptyActor.uasset" 139
"../../../Engine/Content/EditorResources/S_Actor.uasset" 140
"../../../Engine/Content/EditorResources/S_Trigger.uasset" 141
"../../../Engine/Content/EditorResources/AudioIcons/S_AudioComponent.uasset" 142
"../../../Engine/Content/EditorResources/AudioIcons/S_AudioComponent_AutoActivate.uasset" 143
"../../../Engine/Content/EditorResources/LightIcons/S_LightError.uasset" 144
"../../../Engine/Content/EditorResources/SequenceRecorder/Countdown.uasset" 145
"../../../Engine/Content/EditorResources/SequenceRecorder/RecordingIndicator.uasset" 146
"../../../Engine/Content/EditorSounds/Notifications/CompileFailed.uasset" 147
"../../../Engine/Content/EditorSounds/Notifications/CompileFailed_Cue.uasset" 148
"../../../Engine/Content/EditorSounds/Notifications/CompileSuccess.uasset" 149
"../../../Engine/Content/EditorSounds/Notifications/CompileStart_Cue.uasset" 150
"../../../Engine/Content/EditorSounds/Notifications/CompileSuccess_Cue.uasset" 151
"../../../Engine/Content/EngineDamageTypes/DmgTypeBP_Environmental.uasset" 152
"../../../Engine/Content/EngineDebugMaterials/HeatmapGradient.uasset" 153
"../../../Engine/Content/EngineDebugMaterials/BoneWeightMaterial.uasset" 154
"../../../Engine/Content/EngineDebugMaterials/ClothMaterial.uasset" 155
"../../../Engine/Content/EngineDebugMaterials/ClothMaterial_WF.uasset" 156
"../../../Engine/Content/EngineDebugMaterials/DebugEditorMaterial.uasset" 157
"../../../Engine/Content/EngineDebugMaterials/DebugMeshMaterial.uasset" 158
"../../../Engine/Content/EngineDebugMaterials/GeomMaterial.uasset" 159
"../../../Engine/Content/EngineFonts/Faces/RobotoBold.uasset" 160
"../../../Engine/Content/EngineFonts/Faces/RobotoBoldItalic.uasset" 161
"../../../Engine/Content/EngineFonts/Faces/RobotoItalic.uasset" 162
"../../../Engine/Content/EngineFonts/Faces/RobotoLight.uasset" 163
"../../../Engine/Content/EngineFonts/Faces/RobotoRegular.uasset" 164
"../../../Engine/Content/EngineFonts/Roboto.uasset" 165
"../../../Engine/Content/EngineFonts/Faces/RobotoTiny.uasset" 166
"../../../Engine/Content/EngineFonts/RobotoTiny.uasset" 167
"../../../Engine/Content/EngineMaterials/DefaultBloomKernel.uasset" 168
"../../../Engine/Content/EngineMaterials/DefaultBokeh.uasset" 169
"../../../Engine/Content/EngineMaterials/DefaultDiffuse.uasset" 170
"../../../Engine/Content/EngineMaterials/DefaultDeferredDecalMaterial.uasset" 171
"../../../Engine/Content/EngineMaterials/DefaultLightFunctionMaterial.uasset" 172
"../../../Engine/Content/EngineMaterials/DefaultPhysicalMaterial.uasset" 173
"../../../Engine/Content/Functions/Engine_MaterialFunctions02/Utility/BreakOutFloat2Components.uasset" 174
"../../../Engine/Content/EngineMaterials/DefaultPostProcessMaterial.uasset" 175
"../../../Engine/Content/EngineFonts/RobotoDistanceField.uasset" 176
"../../../Engine/Content/EngineMaterials/DefaultTextMaterialOpaque.uasset" 177
"../../../Engine/Content/EngineMaterials/DefaultWhiteGrid.uasset" 178
"../../../Engine/Content/EngineMaterials/EditorBrushMaterial.uasset" 179
"../../../Engine/Content/EngineMaterials/Good64x64TilingNoiseHighFreq.uasset" 180
"../../../Engine/Content/EngineMaterials/MiniFont.uasset" 181
"../../../Engine/Content/EngineMaterials/InvalidLightmapSettings.uasset" 182
"../../../Engine/Content/EngineMaterials/M_InvalidLightmapSettings.uasset" 183
"../../../Engine/Content/Functions/Engine_MaterialFunctions02/WorldPositionOffset/CameraOffset.uasset" 184
"../../../Engine/Content/EngineMaterials/PhAT_JointLimitMaterial.uasset" 185
"../../../Engine/Content/EngineMaterials/PreintegratedSkinBRDF.uasset" 186
"../../../Engine/Content/EngineMaterials/RemoveSurfaceMaterial.uasset" 187
"../../../Engine/Content/EngineMaterials/WeightMapPlaceholderTexture.uasset" 188
"../../../Engine/Content/EngineResources/WhiteSquareTexture.uasset" 189
"../../../Engine/Content/EngineMaterials/Widget3DPassThrough.uasset" 190
"../../../Engine/Content/EngineMaterials/Widget3DPassThrough_Masked.uasset" 191
"../../../Engine/Content/EngineMaterials/Widget3DPassThrough_Opaque.uasset" 192
"../../../Engine/Content/EngineMaterials/Widget3DPassThrough_Masked_OneSided.uasset" 193
"../../../Engine/Content/EngineMaterials/Widget3DPassThrough_Opaque_OneSided.uasset" 194
"../../../Engine/Content/EngineMaterials/Widget3DPassThrough_Translucent.uasset" 195
"../../../Engine/Content/EngineMaterials/Widget3DPassThrough_Translucent_OneSided.uasset" 196
"../../../Engine/Content/EngineMeshes/Cube.uasset" 197
"../../../Engine/Content/EngineMeshes/Cylinder.uasset" 198
"../../../Engine/Content/EngineMeshes/Sphere.uasset" 199
"../../../Engine/Content/EngineResources/Black.uasset" 200
"../../../Engine/Content/EngineResources/DefaultTexture.uasset" 201
"../../../Engine/Content/EngineResources/DefaultTextureCube.uasset" 202
"../../../Engine/Content/EngineResources/GradientTexture0.uasset" 203
"../../../Engine/Content/EngineSounds/Master.uasset" 204
"../../../Engine/Content/Functions/Engine_MaterialFunctions01/Shading/ConvertFromDiffSpec.uasset" 205
"../../../Engine/Content/Functions/Engine_MaterialFunctions01/Shading/PowerToRoughness.uasset" 206
"../../../Engine/Content/Maps/Templates/Thumbnails/Default.uasset" 207
"../../../Engine/Content/Maps/Templates/Thumbnails/VR-Basic.uasset" 208
"../../../Engine/Content/MobileResources/T_MobileControls_texture.uasset" 209
"../../../Engine/Content/MobileResources/T_MobileMenu2.uasset" 210
"../../../Engine/Content/MobileResources/HUD/AnalogHat.uasset" 211
"../../../Engine/Content/MobileResources/HUD/VirtualJoystick_Background.uasset" 212
"../../../Engine/Content/MobileResources/HUD/VirtualJoystick_Thumb.uasset" 213
"../../../Engine/Content/MobileResources/HUD/DefaultVirtualJoysticks.uasset" 214
"../../../Engine/Content/MobileResources/HUD/LeftVirtualJoystickOnly.uasset" 215
"../../../Engine/Content/MobileResources/HUD/MobileHUDButton1_off.uasset" 216
"../../../Engine/Content/MobileResources/HUD/MobileHUDButton1_on.uasset" 217
"../../../Engine/Content/MobileResources/HUD/MobileHUDButton2_off.uasset" 218
"../../../Engine/Content/MobileResources/HUD/MobileHUDButton2_on.uasset" 219
"../../../Engine/Content/MobileResources/HUD/MobileHUDButton3.uasset" 220
"../../../Engine/Content/MobileResources/HUD/MobileHUDButtonFire.uasset" 221
"../../../Engine/Content/MobileResources/HUD/MobileHUDDirectionPad.uasset" 222
"../../../Engine/Content/MobileResources/HUD/MobileHUDDirectionPad2.uasset" 223
"../../../Engine/Content/MobileResources/HUD/MobileHUDDirectionPad3.uasset" 224
"../../../Engine/Content/MobileResources/HUD/MobileHUDDirectionStick.uasset" 225
"../../../Engine/Content/MobileResources/HUD/T_Castle_ThumbstickInner.uasset" 226
"../../../Engine/Content/MobileResources/HUD/T_Castle_ThumbstickOutter.uasset" 227
"../../../Engine/Content/Tutorial/ContentIntroCurve.uasset" 228
"../../../Engine/Content/Tutorial/Basics/TutorialAssets/icon_tab_Levels_40x.uasset" 229
"../../../Engine/Content/Tutorial/BlueprintTutorials/TutorialAssets/BlueprintInterface_64x.uasset" 230
"../../../Engine/Content/Tutorial/BlueprintTutorials/TutorialAssets/BlueprintMacroLibrary_64x.uasset" 231
"../../../Engine/Content/Tutorial/BlueprintTutorials/TutorialAssets/Blueprint_64x.uasset" 232
"../../../Engine/Content/Tutorial/BlueprintTutorials/TutorialAssets/Tutorial_BP_Interface.uasset" 233
"../../../Engine/Content/Tutorial/Foliage/TutorialAssets/Foliage.uasset" 234
"../../../Engine/Content/Tutorial/Landscape/TutorialAssets/Landscape.uasset" 235
"../../../Engine/Content/Tutorial/Paper2D/TutorialAssets/Paper2DFlipbook_TutorialIcon.uasset" 236
"../../../Engine/Content/Tutorial/Paper2D/TutorialAssets/Paper2DSprite_TutorialIcon.uasset" 237
"../../../Engine/Content/Tutorial/SubEditors/TutorialAssets/icon_Editor_Preferences_General_40x.uasset" 238
"../../../Engine/Content/Tutorial/SubEditors/TutorialAssets/icon_ShowSkeletalMeshes_40x.uasset" 239
"../../../Engine/Content/Tutorial/SubEditors/TutorialAssets/TutorialMaterial.uasset" 240
"../../../Engine/Content/Tutorial/SubEditors/TutorialAssets/T_SmokeSubUV_8X8.uasset" 241
"../../../Engine/Content/Tutorial/SubEditors/TutorialAssets/T_soft_smoke.uasset" 242
"../../../Engine/Content/Tutorial/SubEditors/TutorialAssets/M_smoke_subUV_blackbody.uasset" 243
"../../../Engine/Content/Tutorial/SubEditors/TutorialAssets/TutorialParticleSystem.uasset" 244
"../../../Engine/Content/VREditor/Devices/Generic/GenericHMDMaterial.uasset" 245
"../../../Engine/Content/VREditor/Devices/Generic/GenericHMD.uasset" 246
"../../../Engine/Content/Functions/Engine_MaterialFunctions02/Utility/BreakOutFloat3Components.uasset" 247
"../../../Engine/Content/VREditor/Devices/Vive/VivePreController_MasksB.uasset" 248
"../../../Engine/Content/VREditor/Devices/Oculus/OculusControllerMaterial.uasset" 249
"../../../Engine/Content/VREditor/Devices/Oculus/OculusControllerMaterial_Inst.uasset" 250
"../../../Engine/Content/VREditor/Devices/Oculus/OculusControllerMesh.uasset" 251
"../../../Engine/Content/VREditor/Devices/Vive/T_VivePreController_EM.uasset" 252
"../../../Engine/Content/VREditor/Devices/Vive/VivePreController_MasksA.uasset" 253
"../../../Engine/Content/VREditor/Devices/Vive/VivePreControllerDiffuse.uasset" 254
"../../../Engine/Content/VREditor/Devices/Vive/VivePreControllerSpec.uasset" 255
"../../../Engine/Content/VREditor/LaserPointer/VR_LaserPower_01.uasset" 256
"../../../Engine/Content/VREditor/Devices/Vive/VivePreControllerMaterial.uasset" 257
"../../../Engine/Content/VREditor/Devices/Vive/VivePreControllerMaterial_Inst.uasset" 258
"../../../Engine/Content/VREditor/Devices/Vive/VivePreControllerMesh.uasset" 259
"../../../Engine/Content/VREditor/FloatingText/LineMaterial.uasset" 260
"../../../Engine/Content/VREditor/FloatingText/JointSphere.uasset" 261
"../../../Engine/Content/VREditor/FloatingText/LineSegmentCylinder.uasset" 262
"../../../Engine/Content/VREditor/Fonts/VRText_RobotoLarge.uasset" 263
"../../../Engine/Content/VREditor/Fonts/VRTextMaterial.uasset" 264
"../../../Engine/Content/VREditor/Fonts/TranslucentVRTextMaterial.uasset" 265
"../../../Engine/Content/VREditor/LaserPointer/CursorPointer.uasset" 266
"../../../Engine/Content/VREditor/TransformGizmo/TransformGizmoMaterial.uasset" 267
"../../../Engine/Content/VREditor/LaserPointer/HoverMaterial.uasset" 268
"../../../Engine/Content/VREditor/TransformGizmo/TranslucentTransformGizmoMaterial.uasset" 269
"../../../Engine/Content/VREditor/LaserPointer/TranslucentHoverMaterial.uasset" 270
"../../../Engine/Content/VREditor/LaserPointer/HoverMesh.uasset" 271
"../../../Engine/Content/VREditor/LaserPointer/LaserPointerMaterial.uasset" 272
"../../../Engine/Content/VREditor/LaserPointer/LaserPointerMaterialInst.uasset" 273
"../../../Engine/Content/VREditor/LaserPointer/TranslucentLaserPointerMaterialInst.uasset" 274
"../../../Engine/Content/VREditor/LaserPointer/LaserPointerMesh.uasset" 275
"../../../Engine/Content/VREditor/LaserPointer/LaserPointerMesh_End.uasset" 276
"../../../Engine/Content/VREditor/LaserPointer/LaserPointerMesh_Start.uasset" 277
"../../../Engine/Content/VREditor/Sounds/VR_teleport.uasset" 278
"../../../Engine/Content/VREditor/Sounds/UI/Click_on_Button.uasset" 279
"../../../Engine/Content/VREditor/Sounds/UI/Click_on_Button_Cue.uasset" 280
"../../../Engine/Content/VREditor/Sounds/UI/Dockable_Window_Close.uasset" 281
"../../../Engine/Content/VREditor/Sounds/UI/Dockable_Window_Drop.uasset" 282
"../../../Engine/Content/VREditor/Sounds/UI/Dockable_Window_Open.uasset" 283
"../../../Engine/Content/VREditor/Sounds/UI/Dockable_Window_Pick_Up.uasset" 284
"../../../Engine/Content/VREditor/Sounds/UI/Drop_Item_From_ContentBrowser.uasset" 285
"../../../Engine/Content/VREditor/Sounds/UI/Floating_UI_Open-001.uasset" 286
"../../../Engine/Content/VREditor/Sounds/UI/Radial_Menu_FadeOut.uasset" 287
"../../../Engine/Content/VREditor/Sounds/UI/Teleport_Mode_Entered.uasset" 288
"../../../Engine/Content/VREditor/Teleport/TeleportDirectionMaterial.uasset" 289
"../../../Engine/Content/VREditor/Teleport/TeleportDirectionMaterial_Inst.uasset" 290
"../../../Engine/Content/VREditor/Teleport/TeleportDirectionMesh.uasset" 291
"../../../Engine/Content/VREditor/TransformGizmo/BoundingBoxCorner.uasset" 292
"../../../Engine/Content/VREditor/TransformGizmo/BoundingBoxEdge.uasset" 293
"../../../Engine/Content/VREditor/TransformGizmo/PlaneTranslationHandle.uasset" 294
"../../../Engine/Content/VREditor/TransformGizmo/Main.uasset" 295
"../../../Engine/Content/VREditor/TransformGizmo/Xray.uasset" 296
"../../../Engine/Content/VREditor/TransformGizmo/SM_Dialog_Close.uasset" 297
"../../../Engine/Content/VREditor/TransformGizmo/SM_Dialog_Move.uasset" 298
"../../../Engine/Content/VREditor/TransformGizmo/SM_Sequencer_Key.uasset" 299
"../../../Engine/Content/VREditor/TransformGizmo/SM_Sequencer_Node.uasset" 300
"../../../Engine/Content/VREditor/TransformGizmo/TransformGizmoMaterial_Inst.uasset" 301
"../../../Engine/Content/VREditor/TransformGizmo/TranslucentTransformGizmoMaterial_Inst.uasset" 302
"../../../Engine/Content/VREditor/Devices/Vive/UE4_Logo.uasset" 303
"../../../Engine/Content/VREditor/UI/M_ContentWindow.uasset" 304
"../../../Engine/Content/VREditor/UI/SM_ContentWindow_01.uasset" 305
"../../../Engine/Content/VREditor/UI/KeyDiskMaterial.uasset" 306
"../../../Engine/Content/VREditor/UI/DiscMaterial.uasset" 307
"../../../Engine/Content/VREditor/UI/SM_Radial_Disk.uasset" 308
"../../../Engine/Content/VREditor/UI/ArrowMaterial.uasset" 309
"../../../Engine/Content/VREditor/UI/SM_Radial_Pointer.uasset" 310
"../../../Engine/Content/VREditor/WorldMovementGrid/SimpleGrid.uasset" 311
"../../../Engine/Content/VREditor/WorldMovementGrid/GridMaterial.uasset" 312
"../../../Engine/Content/Functions/Engine_MaterialFunctions01/Density/ExponentialDensity.uasset" 313
"../../../Engine/Content/VREditor/WorldMovementGrid/GridPostProcess.uasset" 314
"../../../Engine/Content/EditorLandscapeResources/FlattenHeightMat.uasset" 315
"../../../Engine/Content/VREditor/WorldMovementGrid/PlaneMesh.uasset" 316
"../../Plugins/2D/Paper2D/Content/PlaceholderTextures/DummySpriteTexture.uasset" 317
"../../Plugins/2D/Paper2D/Content/DummySprite.uasset" 318
"../../Plugins/2D/Paper2D/Content/DefaultPaperTerrainMaterial.uasset" 319
"../../Plugins/2D/Paper2D/Content/DefaultSpriteMaterial.uasset" 320
"../../Plugins/2D/Paper2D/Content/MaskedUnlitSpriteMaterial.uasset" 321
"../../Plugins/2D/Paper2D/Content/OpaqueUnlitSpriteMaterial.uasset" 322
"../../Plugins/Media/MediaCompositing/Content/DefaultMediaPlaneTexture.uasset" 323
"../../Plugins/Media/MediaCompositing/Content/DefaultMediaPlaneMaterial.uasset" 324
"../../../Engine/Content/Functions/Engine_MaterialFunctions02/Utility/MakeFloat4.uasset" 325
"../../Plugins/Runtime/AppleARKit/Content/ARKitCameraMaterial.uasset" 326
"../../Plugins/Runtime/Oculus/OculusVR/Content/Textures/GearVRController_AO.uasset" 327
"../../Plugins/Runtime/Oculus/OculusVR/Content/Textures/GearVRController_Color.uasset" 328
"../../Plugins/Runtime/Oculus/OculusVR/Content/Textures/GearVRController_Normal.uasset" 329
"../../Plugins/Runtime/Oculus/OculusVR/Content/Materials/GearVRControllerMaterial.uasset" 330
"../../Plugins/Runtime/Oculus/OculusVR/Content/Meshes/GearVrController.uasset" 331
"../../../../../../Documents/Unreal Projects/Bombus/Content/BombusContent/UI/Fonts/Bumblebees_Demo.uasset" 332
"../../../../../../Documents/Unreal Projects/Bombus/Content/BombusContent/UI/Fonts/Bumblebees_Demo_Font.uasset" 333
"../../../../../../Documents/Unreal Projects/Bombus/Content/BombusContent/UI/Fonts/Chubby_Thumbs.uasset" 334
"../../../../../../Documents/Unreal Projects/Bombus/Content/BombusContent/UI/Fonts/Chubby_Thumbs_Font.uasset" 335
"../../../../../../Documents/Unreal Projects/Bombus/Content/BombusContent/UI/UI_Elements/StartScreen/StartScreen_Button.uasset" 336
"../../../../../../Documents/Unreal Projects/Bombus/Content/BombusContent/UI/UI_Elements/StartScreen/StartScreen_Corner.uasset" 337
"../../../../../../Documents/Unreal Projects/Bombus/Content/BombusContent/UI/UI_Elements/StartScreen/StartScreen_Corner2.uasset" 338
"../../../../../../Documents/Unreal Projects/Bombus/Content/StarterContent/Textures/T_Wood_Oak_D.uasset" 339
"../../../../../../Documents/Unreal Projects/Bombus/Content/BombusContent/UI/MainMenu.uasset" 340
"../../../../../../Documents/Unreal Projects/Bombus/Content/BombusContent/Menu_Main.umap" 341
"../../../../../../Documents/Unreal Projects/Bombus/Content/StarterContent/Blueprints/Assets/FogBrightnessLUT.uasset" 342
"../../../../../../Documents/Unreal Projects/Bombus/Content/StarterContent/Blueprints/Assets/SunlightColorLUT.uasset" 343
"../../../../../../Documents/Unreal Projects/Bombus/Content/StarterContent/Blueprints/Assets/M_LightStage_Arrows.uasset" 344
"../../../Engine/Content/MapTemplates/Sky/DaylightAmbientCubemap.uasset" 345
"../../../../../../Documents/Unreal Projects/Bombus/Content/StarterContent/Blueprints/Assets/M_LightStage_Skybox_Master.uasset" 346
"../../../../../../Documents/Unreal Projects/Bombus/Content/StarterContent/Blueprints/Assets/M_LightStage_Skybox_Black.uasset" 347
"../../../../../../Documents/Unreal Projects/Bombus/Content/StarterContent/Blueprints/Assets/M_LightStage_Skybox_HDRI.uasset" 348
"../../../Engine/Content/EditorMaterials/Thumbnails/SkySphereMaterial.uasset" 349
"../../../../../../Documents/Unreal Projects/Bombus/Content/StarterContent/Blueprints/Assets/Skybox.uasset" 350
"../../../../../../Documents/Unreal Projects/Bombus/Content/StarterContent/Blueprints/Assets/SM_Arrows.uasset" 351
"../../../../../../Documents/Unreal Projects/Bombus/Content/StarterContent/HDRI/HDRI_Epic_Courtyard_Daylight.uasset" 352
"../../../../../../Documents/Unreal Projects/Bombus/Content/StarterContent/Blueprints/BP_LightStudio.uasset" 353
"../../../../../../Documents/Unreal Projects/Bombus/Content/StarterContent/Maps/Advanced_Lighting_BuiltData.uasset" 354
"../../../../../../Documents/Unreal Projects/Bombus/Content/StarterContent/Materials/M_AssetPlatform.uasset" 355
"../../../Engine/Content/EditorMeshes/ColorCalibrator/M_ChromeBall.uasset" 356
"../../../Engine/Content/EditorMeshes/ColorCalibrator/M_ClearCoat.uasset" 357
"../../../Engine/Content/EditorMeshes/ColorCalibrator/M_ClearCoatBlack.uasset" 358
"../../../Engine/Content/EditorMeshes/ColorCalibrator/Color_checker.uasset" 359
"../../../Engine/Content/EditorMeshes/ColorCalibrator/M_ColorGrid.uasset" 360
"../../../Engine/Content/EditorMeshes/ColorCalibrator/M_GreyBall.uasset" 361
"../../../Engine/Content/EditorMeshes/ColorCalibrator/SM_ColorCalibrator.uasset" 362
"../../../../../../Documents/Unreal Projects/Bombus/Content/StarterContent/Architecture/SM_AssetPlatform.uasset" 363
"../../../../../../Documents/Unreal Projects/Bombus/Content/StarterContent/Maps/Advanced_Lighting.umap" 364
"../../../Engine/Content/EngineSky/C_Sky_Cloud_Color.uasset" 365
"../../../Engine/Content/EngineSky/C_Sky_Horizon_Color.uasset" 366
"../../../Engine/Content/EngineSky/C_Sky_Zenith_Color.uasset" 367
"../../../Engine/Content/EngineSky/T_Sky_Blue.uasset" 368
"../../../Engine/Content/EngineSky/T_Sky_Clouds_M.uasset" 369
"../../../Engine/Content/EngineSky/T_Sky_Stars.uasset" 370
"../../../Engine/Content/EngineSky/M_Sky_Panning_Clouds2.uasset" 371
"../../../Engine/Content/EngineSky/SM_SkySphere.uasset" 372
"../../../Engine/Content/EngineSky/BP_Sky_Sphere.uasset" 373
"../../../../../../Documents/Unreal Projects/Bombus/Content/StarterContent/Maps/Minimal_Default_BuiltData.uasset" 374
"../../../../../../Documents/Unreal Projects/Bombus/Content/StarterContent/Textures/T_MacroVariation.uasset" 375
"../../../../../../Documents/Unreal Projects/Bombus/Content/StarterContent/Materials/M_Metal_Brushed_Nickel.uasset" 376
"../../../../../../Documents/Unreal Projects/Bombus/Content/StarterContent/Textures/T_Metal_Aluminum_D.uasset" 377
"../../../../../../Documents/Unreal Projects/Bombus/Content/StarterContent/Textures/T_Metal_Gold_N.uasset" 378
"../../../../../../Documents/Unreal Projects/Bombus/Content/StarterContent/Materials/M_Metal_Burnished_Steel.uasset" 379
"../../../../../../Documents/Unreal Projects/Bombus/Content/StarterContent/Textures/T_Metal_Copper_D.uasset" 380
"../../../../../../Documents/Unreal Projects/Bombus/Content/StarterContent/Materials/M_Metal_Copper.uasset" 381
"../../../../../../Documents/Unreal Projects/Bombus/Content/StarterContent/Textures/T_Statue_M.uasset" 382
"../../../../../../Documents/Unreal Projects/Bombus/Content/StarterContent/Textures/T_Statue_N.uasset" 383
"../../../../../../Documents/Unreal Projects/Bombus/Content/StarterContent/Props/Materials/M_StatueGlass.uasset" 384
"../../../../../../Documents/Unreal Projects/Bombus/Content/StarterContent/Architecture/Floor_400x400.uasset" 385
"../../../../../../Documents/Unreal Projects/Bombus/Content/StarterContent/Audio/Starter_Background_Cue.uasset" 386
"../../../../../../Documents/Unreal Projects/Bombus/Content/StarterContent/Props/SM_Chair.uasset" 387
"../../../../../../Documents/Unreal Projects/Bombus/Content/StarterContent/Props/Materials/M_Statue.uasset" 388
"../../../../../../Documents/Unreal Projects/Bombus/Content/StarterContent/Props/SM_Statue.uasset" 389
"../../../../../../Documents/Unreal Projects/Bombus/Content/StarterContent/Textures/T_TableRound_M.uasset" 390
"../../../../../../Documents/Unreal Projects/Bombus/Content/StarterContent/Textures/T_TableRound_N.uasset" 391
"../../../../../../Documents/Unreal Projects/Bombus/Content/StarterContent/Props/Materials/M_TableRound.uasset" 392
"../../../../../../Documents/Unreal Projects/Bombus/Content/StarterContent/Props/SM_TableRound.uasset" 393
"../../../../../../Documents/Unreal Projects/Bombus/Content/StarterContent/Maps/Minimal_Default.umap" 394
"../../../../../../Documents/Unreal Projects/Bombus/Content/StarterContent/Audio/Fire01_Cue.uasset" 395
"../../../../../../Documents/Unreal Projects/Bombus/Content/StarterContent/Textures/T_Fire_SubUV.uasset" 396
"../../../../../../Documents/Unreal Projects/Bombus/Content/StarterContent/Textures/T_Fire_Tiled_D.uasset" 397
"../../../../../../Documents/Unreal Projects/Bombus/Content/StarterContent/Particles/Materials/M_Fire_SubUV.uasset" 398
"../../../../../../Documents/Unreal Projects/Bombus/Content/StarterContent/Textures/T_Water_N.uasset" 399
"../../../../../../Documents/Unreal Projects/Bombus/Content/StarterContent/Particles/Materials/M_Heat_Distortion.uasset" 400
"../../../../../../Documents/Unreal Projects/Bombus/Content/StarterContent/Particles/Materials/M_Radial_Gradient.uasset" 401
"../../../../../../Documents/Unreal Projects/Bombus/Content/StarterContent/Particles/P_Fire.uasset" 402
"../../../../../../Documents/Unreal Projects/Bombus/Content/StarterContent/Blueprints/Blueprint_Effect_Fire.uasset" 403
"../../../../../../Documents/Unreal Projects/Bombus/Content/StarterContent/Audio/Smoke01_Cue.uasset" 404
"../../../../../../Documents/Unreal Projects/Bombus/Content/StarterContent/Particles/P_Smoke.uasset" 405
"../../../../../../Documents/Unreal Projects/Bombus/Content/StarterContent/Blueprints/Blueprint_Effect_Smoke.uasset" 406
"../../../../../../Documents/Unreal Projects/Bombus/Content/StarterContent/Audio/Fire_Sparks01_Cue.uasset" 407
"../../../../../../Documents/Unreal Projects/Bombus/Content/StarterContent/Textures/T_Spark_Core.uasset" 408
"../../../../../../Documents/Unreal Projects/Bombus/Content/StarterContent/Particles/Materials/M_Spark.uasset" 409
"../../../../../../Documents/Unreal Projects/Bombus/Content/StarterContent/Particles/P_Sparks.uasset" 410
"../../../../../../Documents/Unreal Projects/Bombus/Content/StarterContent/Blueprints/Blueprint_Effect_Sparks.uasset" 411
"../../../../../../Documents/Unreal Projects/Bombus/Content/StarterContent/Audio/Steam01_Cue.uasset" 412
"../../../../../../Documents/Unreal Projects/Bombus/Content/StarterContent/Particles/P_Steam_Lit.uasset" 413
"../../../../../../Documents/Unreal Projects/Bombus/Content/StarterContent/Blueprints/Blueprint_Effect_Steam.uasset" 414
"../../../../../../Documents/Unreal Projects/Bombus/Content/StarterContent/Textures/T_Lamp_M.uasset" 415
"../../../../../../Documents/Unreal Projects/Bombus/Content/StarterContent/Textures/T_Lamp_N.uasset" 416
"../../../../../../Documents/Unreal Projects/Bombus/Content/StarterContent/Props/Materials/M_Lamp.uasset" 417
"../../../../../../Documents/Unreal Projects/Bombus/Content/StarterContent/Props/SM_Lamp_Ceiling.uasset" 418
"../../../../../../Documents/Unreal Projects/Bombus/Content/StarterContent/Blueprints/Blueprint_CeilingLight.uasset" 419
"../../../../../../Documents/Unreal Projects/Bombus/Content/StarterContent/Props/SM_Lamp_Wall.uasset" 420
"../../../../../../Documents/Unreal Projects/Bombus/Content/StarterContent/Blueprints/Blueprint_WallSconce.uasset" 421
"../../../../../../Documents/Unreal Projects/Bombus/Content/StarterContent/Maps/StarterMap_BuiltData.uasset" 422
"../../../Engine/Content/Functions/Engine_MaterialFunctions03/Procedurals/ComputeFilterWidth.uasset" 423
"../../../Engine/Content/EngineMaterials/AntiAliasedTextMaterialTranslucent.uasset" 424
"../../../../../../Documents/Unreal Projects/Bombus/Content/StarterContent/Textures/T_Brick_Clay_Beveled_D.uasset" 425
"../../../../../../Documents/Unreal Projects/Bombus/Content/StarterContent/Textures/T_Brick_Clay_Beveled_M.uasset" 426
"../../../../../../Documents/Unreal Projects/Bombus/Content/StarterContent/Textures/T_Brick_Clay_Beveled_N.uasset" 427
"../../../../../../Documents/Unreal Projects/Bombus/Content/StarterContent/Materials/M_Brick_Clay_Beveled.uasset" 428
"../../../../../../Documents/Unreal Projects/Bombus/Content/StarterContent/Textures/T_Brick_Clay_New_D.uasset" 429
"../../../../../../Documents/Unreal Projects/Bombus/Content/StarterContent/Textures/T_Brick_Clay_New_M.uasset" 430
"../../../../../../Documents/Unreal Projects/Bombus/Content/StarterContent/Textures/T_Brick_Clay_New_N.uasset" 431
"../../../../../../Documents/Unreal Projects/Bombus/Content/StarterContent/Materials/M_Brick_Clay_New.uasset" 432
"../../../../../../Documents/Unreal Projects/Bombus/Content/StarterContent/Textures/T_Brick_Clay_Old_D.uasset" 433
"../../../../../../Documents/Unreal Projects/Bombus/Content/StarterContent/Textures/T_Brick_Clay_Old_N.uasset" 434
"../../../../../../Documents/Unreal Projects/Bombus/Content/StarterContent/Textures/T_Perlin_Noise_M.uasset" 435
"../../../../../../Documents/Unreal Projects/Bombus/Content/StarterContent/Materials/M_Brick_Clay_Old.uasset" 436
"../../../../../../Documents/Unreal Projects/Bombus/Content/StarterContent/Textures/T_Brick_Cut_Stone_D.uasset" 437
"../../../../../../Documents/Unreal Projects/Bombus/Content/StarterContent/Textures/T_Brick_Cut_Stone_N.uasset" 438
"../../../../../../Documents/Unreal Projects/Bombus/Content/StarterContent/Materials/M_Brick_Cut_Stone.uasset" 439
"../../../../../../Documents/Unreal Projects/Bombus/Content/StarterContent/Textures/T_Brick_Hewn_Stone_D.uasset" 440
"../../../../../../Documents/Unreal Projects/Bombus/Content/StarterContent/Textures/T_Brick_Hewn_Stone_M.uasset" 441
"../../../../../../Documents/Unreal Projects/Bombus/Content/StarterContent/Textures/T_Brick_Hewn_Stone_N.uasset" 442
"../../../../../../Documents/Unreal Projects/Bombus/Content/StarterContent/Materials/M_Brick_Hewn_Stone.uasset" 443
"../../../../../../Documents/Unreal Projects/Bombus/Content/StarterContent/Textures/T_Ceramic_Tile_M.uasset" 444
"../../../../../../Documents/Unreal Projects/Bombus/Content/StarterContent/Textures/T_Ceramic_Tile_N.uasset" 445
"../../../../../../Documents/Unreal Projects/Bombus/Content/StarterContent/Textures/T_Rock_Marble_Polished_D.uasset" 446
"../../../../../../Documents/Unreal Projects/Bombus/Content/StarterContent/Materials/M_Ceramic_Tile_Checker.uasset" 447
"../../../../../../Documents/Unreal Projects/Bombus/Content/StarterContent/Textures/T_CobbleStone_Pebble_D.uasset" 448
"../../../../../../Documents/Unreal Projects/Bombus/Content/StarterContent/Textures/T_CobbleStone_Pebble_M.uasset" 449
"../../../../../../Documents/Unreal Projects/Bombus/Content/StarterContent/Textures/T_CobbleStone_Pebble_N.uasset" 450
"../../../../../../Documents/Unreal Projects/Bombus/Content/StarterContent/Materials/M_CobbleStone_Pebble.uasset" 451
"../../../../../../Documents/Unreal Projects/Bombus/Content/StarterContent/Textures/T_CobbleStone_Rough_D.uasset" 452
"../../../../../../Documents/Unreal Projects/Bombus/Content/StarterContent/Textures/T_CobbleStone_Rough_N.uasset" 453
"../../../../../../Documents/Unreal Projects/Bombus/Content/StarterContent/Textures/T_Gradinet_01.uasset" 454
"../../../../../../Documents/Unreal Projects/Bombus/Content/StarterContent/Textures/T_Rock_Smooth_Granite_D.uasset" 455
"../../../../../../Documents/Unreal Projects/Bombus/Content/StarterContent/Materials/M_CobbleStone_Rough.uasset" 456
"../../../../../../Documents/Unreal Projects/Bombus/Content/StarterContent/Textures/T_CobbleStone_Smooth_D.uasset" 457
"../../../../../../Documents/Unreal Projects/Bombus/Content/StarterContent/Textures/T_CobbleStone_Smooth_M.uasset" 458
"../../../../../../Documents/Unreal Projects/Bombus/Content/StarterContent/Textures/T_CobbleStone_Smooth_N.uasset" 459
"../../../../../../Documents/Unreal Projects/Bombus/Content/StarterContent/Materials/M_CobbleStone_Smooth.uasset" 460
"../../../../../../Documents/Unreal Projects/Bombus/Content/StarterContent/Textures/T_Concrete_Grime_D.uasset" 461
"../../../../../../Documents/Unreal Projects/Bombus/Content/StarterContent/Textures/T_Metal_Rust_N.uasset" 462
"../../../../../../Documents/Unreal Projects/Bombus/Content/StarterContent/Materials/M_Concrete_Grime.uasset" 463
"../../../../../../Documents/Unreal Projects/Bombus/Content/StarterContent/Textures/T_Concrete_Panels_D.uasset" 464
"../../../../../../Documents/Unreal Projects/Bombus/Content/StarterContent/Textures/T_Concrete_Panels_N.uasset" 465
"../../../../../../Documents/Unreal Projects/Bombus/Content/StarterContent/Materials/M_Concrete_Panels.uasset" 466
"../../../../../../Documents/Unreal Projects/Bombus/Content/StarterContent/Textures/T_Concrete_Poured_D.uasset" 467
"../../../../../../Documents/Unreal Projects/Bombus/Content/StarterContent/Textures/T_Concrete_Poured_N.uasset" 468
"../../../../../../Documents/Unreal Projects/Bombus/Content/StarterContent/Materials/M_Concrete_Poured.uasset" 469
"../../../../../../Documents/Unreal Projects/Bombus/Content/StarterContent/Textures/T_Concrete_Tiles_D.uasset" 470
"../../../../../../Documents/Unreal Projects/Bombus/Content/StarterContent/Textures/T_Concrete_Tiles_M.uasset" 471
"../../../../../../Documents/Unreal Projects/Bombus/Content/StarterContent/Textures/T_Concrete_Tiles_N.uasset" 472
"../../../../../../Documents/Unreal Projects/Bombus/Content/StarterContent/Textures/T_Concrete_Tiles_Variation_M.uasset" 473
"../../../../../../Documents/Unreal Projects/Bombus/Content/StarterContent/Materials/M_Concrete_Tiles.uasset" 474
"../../../../../../Documents/Unreal Projects/Bombus/Content/StarterContent/Textures/T_Ground_Grass_D.uasset" 475
"../../../../../../Documents/Unreal Projects/Bombus/Content/StarterContent/Textures/T_Ground_Grass_N.uasset" 476
"../../../../../../Documents/Unreal Projects/Bombus/Content/StarterContent/Materials/M_Ground_Grass.uasset" 477
"../../../../../../Documents/Unreal Projects/Bombus/Content/StarterContent/Textures/T_Ground_Gravel_D.uasset" 478
"../../../../../../Documents/Unreal Projects/Bombus/Content/StarterContent/Textures/T_Ground_Gravel_N.uasset" 479
"../../../../../../Documents/Unreal Projects/Bombus/Content/StarterContent/Materials/M_Ground_Gravel.uasset" 480
"../../../../../../Documents/Unreal Projects/Bombus/Content/StarterContent/Textures/T_ground_Moss_D.uasset" 481
"../../../../../../Documents/Unreal Projects/Bombus/Content/StarterContent/Textures/T_Ground_Moss_N.uasset" 482
"../../../../../../Documents/Unreal Projects/Bombus/Content/StarterContent/Materials/M_Ground_Moss.uasset" 483
"../../../../../../Documents/Unreal Projects/Bombus/Content/StarterContent/Materials/M_Metal_Chrome.uasset" 484
"../../../../../../Documents/Unreal Projects/Bombus/Content/StarterContent/Textures/T_Metal_Gold_D.uasset" 485
"../../../../../../Documents/Unreal Projects/Bombus/Content/StarterContent/Materials/M_Metal_Gold.uasset" 486
"../../../../../../Documents/Unreal Projects/Bombus/Content/StarterContent/Textures/T_Metal_Rust_D.uasset" 487
"../../../../../../Documents/Unreal Projects/Bombus/Content/StarterContent/Materials/M_Metal_Rust.uasset" 488
"../../../../../../Documents/Unreal Projects/Bombus/Content/StarterContent/Textures/T_Metal_Steel_D.uasset" 489
"../../../../../../Documents/Unreal Projects/Bombus/Content/StarterContent/Textures/T_Metal_Steel_N.uasset" 490
"../../../../../../Documents/Unreal Projects/Bombus/Content/StarterContent/Materials/M_Metal_Steel.uasset" 491
"../../../../../../Documents/Unreal Projects/Bombus/Content/StarterContent/Textures/T_Rock_Basalt_N.uasset" 492
"../../../../../../Documents/Unreal Projects/Bombus/Content/StarterContent/Materials/M_Rock_Basalt.uasset" 493
"../../../../../../Documents/Unreal Projects/Bombus/Content/StarterContent/Materials/M_Rock_Marble_Polished.uasset" 494
"../../../../../../Documents/Unreal Projects/Bombus/Content/StarterContent/Textures/T_Rock_Sandstone_D.uasset" 495
"../../../../../../Documents/Unreal Projects/Bombus/Content/StarterContent/Textures/T_Rock_Sandstone_N.uasset" 496
"../../../../../../Documents/Unreal Projects/Bombus/Content/StarterContent/Materials/M_Rock_Sandstone.uasset" 497
"../../../../../../Documents/Unreal Projects/Bombus/Content/StarterContent/Textures/T_Rock_Slate_D.uasset" 498
"../../../../../../Documents/Unreal Projects/Bombus/Content/StarterContent/Textures/T_Rock_Slate_N.uasset" 499
"../../../../../../Documents/Unreal Projects/Bombus/Content/StarterContent/Materials/M_Rock_Slate.uasset" 500
"../../../../../../Documents/Unreal Projects/Bombus/Content/StarterContent/Textures/T_Checker_Noise_M.uasset" 501
"../../../../../../Documents/Unreal Projects/Bombus/Content/StarterContent/Textures/T_Single_Tile_N.uasset" 502
"../../../../../../Documents/Unreal Projects/Bombus/Content/StarterContent/Textures/T_Tech_Dot_M.uasset" 503
"../../../../../../Documents/Unreal Projects/Bombus/Content/StarterContent/Textures/T_Tech_Dot_N.uasset" 504
"../../../../../../Documents/Unreal Projects/Bombus/Content/StarterContent/Materials/M_Tech_Checker_Dot.uasset" 505
"../../../../../../Documents/Unreal Projects/Bombus/Content/StarterContent/Textures/T_Tech_Hex_Tile_M.uasset" 506
"../../../../../../Documents/Unreal Projects/Bombus/Content/StarterContent/Textures/T_Tech_Hex_Tile_N.uasset" 507
"../../../../../../Documents/Unreal Projects/Bombus/Content/StarterContent/Materials/M_Tech_Hex_Tile.uasset" 508
"../../../../../../Documents/Unreal Projects/Bombus/Content/StarterContent/Materials/M_Tech_Hex_Tile_Pulse.uasset" 509
"../../../../../../Documents/Unreal Projects/Bombus/Content/StarterContent/Textures/T_Tech_Panel_M.uasset" 510
"../../../../../../Documents/Unreal Projects/Bombus/Content/StarterContent/Textures/T_Tech_Panel_N.uasset" 511
"../../../../../../Documents/Unreal Projects/Bombus/Content/StarterContent/Materials/M_Tech_Panel.uasset" 512
"../../../../../../Documents/Unreal Projects/Bombus/Content/StarterContent/Materials/M_Water_Lake.uasset" 513
"../../../../../../Documents/Unreal Projects/Bombus/Content/StarterContent/Textures/T_Water_M.uasset" 514
"../../../../../../Documents/Unreal Projects/Bombus/Content/StarterContent/Materials/M_Water_Ocean.uasset" 515
"../../../../../../Documents/Unreal Projects/Bombus/Content/StarterContent/Textures/T_Wood_Floor_Walnut_D.uasset" 516
"../../../../../../Documents/Unreal Projects/Bombus/Content/StarterContent/Textures/T_Wood_Floor_Walnut_M.uasset" 517
"../../../../../../Documents/Unreal Projects/Bombus/Content/StarterContent/Textures/T_Wood_Floor_Walnut_N.uasset" 518
"../../../../../../Documents/Unreal Projects/Bombus/Content/StarterContent/Materials/M_Wood_Floor_Walnut_Polished.uasset" 519
"../../../Engine/Content/Functions/Engine_MaterialFunctions01/Opacity/AlphaOffset.uasset" 520
"../../../../../../Documents/Unreal Projects/Bombus/Content/StarterContent/Materials/M_Wood_Floor_Walnut_Worn.uasset" 521
"../../../../../../Documents/Unreal Projects/Bombus/Content/StarterContent/Textures/T_Wood_Oak_N.uasset" 522
"../../../../../../Documents/Unreal Projects/Bombus/Content/StarterContent/Materials/M_Wood_Oak.uasset" 523
"../../../../../../Documents/Unreal Projects/Bombus/Content/StarterContent/Textures/T_Wood_Pine_D.uasset" 524
"../../../../../../Documents/Unreal Projects/Bombus/Content/StarterContent/Textures/T_Wood_Pine_N.uasset" 525
"../../../../../../Documents/Unreal Projects/Bombus/Content/StarterContent/Materials/M_Wood_Pine.uasset" 526
"../../../../../../Documents/Unreal Projects/Bombus/Content/StarterContent/Textures/T_Wood_Walnut_D.uasset" 527
"../../../../../../Documents/Unreal Projects/Bombus/Content/StarterContent/Textures/T_Wood_Walnut_N.uasset" 528
"../../../../../../Documents/Unreal Projects/Bombus/Content/StarterContent/Materials/M_Wood_Walnut.uasset" 529
"../../../../../../Documents/Unreal Projects/Bombus/Content/StarterContent/Architecture/Wall_400x200.uasset" 530
"../../../../../../Documents/Unreal Projects/Bombus/Content/StarterContent/Architecture/Wall_Door_400x300.uasset" 531
"../../../../../../Documents/Unreal Projects/Bombus/Content/StarterContent/Architecture/Wall_Window_400x300.uasset" 532
"../../../../../../Documents/Unreal Projects/Bombus/Content/StarterContent/Audio/Collapse_Cue.uasset" 533
"../../../../../../Documents/Unreal Projects/Bombus/Content/StarterContent/Audio/Starter_Music_Cue.uasset" 534
"../../../../../../Documents/Unreal Projects/Bombus/Content/StarterContent/Textures/T_Dust_Particle_D.uasset" 535
"../../../../../../Documents/Unreal Projects/Bombus/Content/StarterContent/Particles/Materials/M_Dust_Particle.uasset" 536
"../../../../../../Documents/Unreal Projects/Bombus/Content/StarterContent/Particles/P_Ambient_Dust.uasset" 537
"../../../../../../Documents/Unreal Projects/Bombus/Content/StarterContent/Props/MaterialSphere.uasset" 538
"../../../../../../Documents/Unreal Projects/Bombus/Content/StarterContent/Textures/T_Frame_M.uasset" 539
"../../../../../../Documents/Unreal Projects/Bombus/Content/StarterContent/Textures/T_Frame_N.uasset" 540
"../../../../../../Documents/Unreal Projects/Bombus/Content/StarterContent/Props/Materials/M_Frame.uasset" 541
"../../../../../../Documents/Unreal Projects/Bombus/Content/StarterContent/Props/SM_CornerFrame.uasset" 542
"../../../../../../Documents/Unreal Projects/Bombus/Content/StarterContent/Props/SM_DoorFrame.uasset" 543
"../../../../../../Documents/Unreal Projects/Bombus/Content/StarterContent/Props/SM_GlassWindow.uasset" 544
"../../../../../../Documents/Unreal Projects/Bombus/Content/StarterContent/Props/SM_PillarFrame.uasset" 545
"../../../../../../Documents/Unreal Projects/Bombus/Content/StarterContent/Props/SM_PillarFrame300.uasset" 546
"../../../../../../Documents/Unreal Projects/Bombus/Content/StarterContent/Props/SM_WindowFrame.uasset" 547
"../../../../../../Documents/Unreal Projects/Bombus/Content/StarterContent/Shapes/Shape_Cube.uasset" 548
"../../../../../../Documents/Unreal Projects/Bombus/Content/StarterContent/Shapes/Shape_QuadPyramid.uasset" 549
"../../../../../../Documents/Unreal Projects/Bombus/Content/StarterContent/Shapes/Shape_Sphere.uasset" 550
"../../../../../../Documents/Unreal Projects/Bombus/Content/StarterContent/Maps/StarterMap.umap" 551
"../../../../../../Documents/Unreal Projects/Bombus/Content/StarterContent/Mannequin/Animations/ThirdPerson_Jump.uasset" 552
"../../../../../../Documents/Unreal Projects/Bombus/Content/StarterContent/Mannequin/Animations/ThirdPersonJump_Loop.uasset" 553
"../../../../../../Documents/Unreal Projects/Bombus/Content/StarterContent/Mannequin/Animations/ThirdPersonJump_Start.uasset" 554
"../../../../../../Documents/Unreal Projects/Bombus/Content/StarterContent/Mannequin/Animations/ThirdPersonIdle.uasset" 555
"../../../../../../Documents/Unreal Projects/Bombus/Content/StarterContent/Mannequin/Animations/ThirdPersonRun.uasset" 556
"../../../../../../Documents/Unreal Projects/Bombus/Content/StarterContent/Mannequin/Animations/ThirdPersonWalk.uasset" 557
"../../../../../../Documents/Unreal Projects/Bombus/Content/StarterContent/Mannequin/Animations/ThirdPerson_IdleRun_2D.uasset" 558
"../../../../../../Documents/Unreal Projects/Bombus/Content/StarterContent/Mannequin/Animations/ThirdPerson_AnimBP.uasset" 559
"../../../../../../Documents/Unreal Projects/Bombus/Content/BombusContent/Characters/Base_Character.uasset" 560
"../../../Engine/Content/Functions/MaterialLayerFunctions/MatLayerBlend_NormalBlend.uasset" 561
"../../../Engine/Content/Functions/MaterialLayerFunctions/MatLayerBlend_Simple.uasset" 562
"../../../../../../Documents/Unreal Projects/Bombus/Content/StarterContent/Mannequin/Character/Materials/MaterialLayers/T_ML_Rubber_Blue_01_D.uasset" 563
"../../../../../../Documents/Unreal Projects/Bombus/Content/StarterContent/Mannequin/Character/Materials/MaterialLayers/T_ML_Rubber_Blue_01_N.uasset" 564
"../../../../../../Documents/Unreal Projects/Bombus/Content/StarterContent/Mannequin/Character/Materials/MaterialLayers/ML_GlossyBlack_Latex_UE4.uasset" 565
"../../../../../../Documents/Unreal Projects/Bombus/Content/StarterContent/Mannequin/Character/Materials/MaterialLayers/ML_Plastic_Shiny_Beige.uasset" 566
"../../../../../../Documents/Unreal Projects/Bombus/Content/StarterContent/Mannequin/Character/Textures/UE4_LOGO_CARD.uasset" 567
"../../../../../../Documents/Unreal Projects/Bombus/Content/StarterContent/Mannequin/Character/Materials/MaterialLayers/ML_Plastic_Shiny_Beige_LOGO.uasset" 568
"../../../../../../Documents/Unreal Projects/Bombus/Content/StarterContent/Mannequin/Character/Materials/MaterialLayers/T_ML_Aluminum01.uasset" 569
"../../../../../../Documents/Unreal Projects/Bombus/Content/StarterContent/Mannequin/Character/Materials/MaterialLayers/T_ML_Aluminum01_N.uasset" 570
"../../../../../../Documents/Unreal Projects/Bombus/Content/StarterContent/Mannequin/Character/Materials/MaterialLayers/ML_SoftMetal_UE4.uasset" 571
"../../../../../../Documents/Unreal Projects/Bombus/Content/StarterContent/Mannequin/Character/Textures/UE4_Mannequin__normals.uasset" 572
"../../../../../../Documents/Unreal Projects/Bombus/Content/StarterContent/Mannequin/Character/Textures/UE4_Mannequin_MAT_MASKA.uasset" 573
"../../../../../../Documents/Unreal Projects/Bombus/Content/StarterContent/Mannequin/Character/Materials/M_UE4Man_Body.uasset" 574
"../../../../../../Documents/Unreal Projects/Bombus/Content/StarterContent/Mannequin/Character/Textures/UE4Man_Logo_N.uasset" 575
"../../../../../../Documents/Unreal Projects/Bombus/Content/StarterContent/Mannequin/Character/Materials/M_UE4Man_ChestLogo.uasset" 576
"../../../../../../Documents/Unreal Projects/Bombus/Content/StarterContent/Mannequin/Character/Mesh/SK_Mannequin_PhysicsAsset.uasset" 577
"../../../../../../Documents/Unreal Projects/Bombus/Content/StarterContent/Mannequin/Character/Mesh/SK_Mannequin.uasset" 578
"../../../../../../Documents/Unreal Projects/Bombus/Content/BombusContent/Characters/Character_ThirdPerson.uasset" 579
"../../../../../../Documents/Unreal Projects/Bombus/Content/BombusContent/Meshes/BeeMesh/bee1.uasset" 580
"../../../../../../Documents/Unreal Projects/Bombus/Content/BombusContent/Meshes/BeeMesh/palette.uasset" 581
"../../../../../../Documents/Unreal Projects/Bombus/Content/BombusContent/Meshes/BeeMesh/bee.uasset" 582
"../../../../../../Documents/Unreal Projects/Bombus/Content/BombusContent/Collectables/Collectible_Bee.uasset" 583
"../../../../../../Documents/Unreal Projects/Bombus/Content/BombusContent/Meshes/HoneyMesh/honey1.uasset" 584
"../../../../../../Documents/Unreal Projects/Bombus/Content/BombusContent/Meshes/HoneyMesh/palette.uasset" 585
"../../../../../../Documents/Unreal Projects/Bombus/Content/BombusContent/Meshes/HoneyMesh/honey.uasset" 586
"../../../../../../Documents/Unreal Projects/Bombus/Content/BombusContent/Collectables/Collectible_Honey.uasset" 587
"../../../../../../Documents/Unreal Projects/Bombus/Content/BombusContent/Meshes/BudMesh/Bud1.uasset" 588
"../../../../../../Documents/Unreal Projects/Bombus/Content/BombusContent/Meshes/BudMesh/palette.uasset" 589
"../../../../../../Documents/Unreal Projects/Bombus/Content/BombusContent/Meshes/BudMesh/Bud.uasset" 590
"../../../../../../Documents/Unreal Projects/Bombus/Content/BombusContent/Meshes/FlowerMesh/Flower1.uasset" 591
"../../../../../../Documents/Unreal Projects/Bombus/Content/BombusContent/Meshes/FlowerMesh/palette.uasset" 592
"../../../../../../Documents/Unreal Projects/Bombus/Content/BombusContent/Meshes/FlowerMesh/Flower.uasset" 593
"../../../../../../Documents/Unreal Projects/Bombus/Content/BombusContent/Flower.uasset" 594
"../../../../../../Documents/Unreal Projects/Bombus/Content/BombusContent/Characters/Character_Enemy.uasset" 595
"../../../../../../Documents/Unreal Projects/Bombus/Content/BombusContent/Meshes/PollenMesh/Pollen1.uasset" 596
"../../../../../../Documents/Unreal Projects/Bombus/Content/BombusContent/Meshes/PollenMesh/palette.uasset" 597
"../../../../../../Documents/Unreal Projects/Bombus/Content/BombusContent/Meshes/PollenMesh/Pollen.uasset" 598
"../../../../../../Documents/Unreal Projects/Bombus/Content/BombusContent/PollenShot.uasset" 599
"../../../../../../Documents/Unreal Projects/Bombus/Content/BombusContent/PollenSpore.uasset" 600
"../../../../../../Documents/Unreal Projects/Bombus/Content/BombusContent/Meshes/PollenGunMesh/PollenGun1.uasset" 601
"../../../../../../Documents/Unreal Projects/Bombus/Content/BombusContent/Meshes/PollenGunMesh/palette.uasset" 602
"../../../../../../Documents/Unreal Projects/Bombus/Content/BombusContent/Meshes/PollenGunMesh/PollenGun.uasset" 603
"../../../../../../Documents/Unreal Projects/Bombus/Content/BombusContent/PollenGun.uasset" 604
"../../../../../../Documents/Unreal Projects/Bombus/Content/BombusContent/Meshes/FlowerbedMesh/FlowerBed1.uasset" 605
"../../../../../../Documents/Unreal Projects/Bombus/Content/BombusContent/Meshes/FlowerbedMesh/palette.uasset" 606
"../../../../../../Documents/Unreal Projects/Bombus/Content/BombusContent/Meshes/FlowerbedMesh/FlowerBed.uasset" 607
"../../../../../../Documents/Unreal Projects/Bombus/Content/BombusContent/Flower_Bed.uasset" 608
"../../../../../../Documents/Unreal Projects/Bombus/Content/BombusContent/UI/GameComplete.uasset" 609
"../../../../../../Documents/Unreal Projects/Bombus/Content/BombusContent/GameMode_Bombus.uasset" 610
"../../../../../../Documents/Unreal Projects/Bombus/Content/StarterContent/Mannequin/Character/Materials/M_UE4Man_Body_Inst.uasset" 611
"../../../../../../Documents/Unreal Projects/Bombus/Content/BombusContent/UI/UI_Elements/HUD/UI_Bee.uasset" 612
"../../../../../../Documents/Unreal Projects/Bombus/Content/BombusContent/UI/UI_Elements/HUD/UI_Honey.uasset" 613
"../../../../../../Documents/Unreal Projects/Bombus/Content/BombusContent/UI/UI_Elements/HUD/UI_Mockup_Bar_Bottom.uasset" 614
"../../../../../../Documents/Unreal Projects/Bombus/Content/BombusContent/UI/UI_Elements/HUD/UI_Mockup_Bar_Middle.uasset" 615
"../../../../../../Documents/Unreal Projects/Bombus/Content/BombusContent/UI/UI_Elements/HUD/UI_Mockup_Bar_Top.uasset" 616
"../../../../../../Documents/Unreal Projects/Bombus/Content/BombusContent/UI/UI_Elements/HUD/UI_Player.uasset" 617
"../../../../../../Documents/Unreal Projects/Bombus/Content/BombusContent/UI/UI_Elements/HUD/UI_Pollen.uasset" 618
"../../../../../../Documents/Unreal Projects/Bombus/Content/BombusContent/UI/HUDPlayer.uasset" 619
"../../../../../../Documents/Unreal Projects/Bombus/Content/BombusContent/UI/PauseMenu.uasset" 620
"../../../../../../Documents/Unreal Projects/Bombus/Content/BombusContent/Characters/ThirdPerson_Beekeeper.uasset" 621
"../../../../../../Documents/Unreal Projects/Bombus/Content/BombusContent/Collectables/SimpleMat_Inst1.uasset" 622
"../../../../../../Documents/Unreal Projects/Bombus/Content/BombusContent/Collectables/Collectible.uasset" 623
"../../../../../../Documents/Unreal Projects/Bombus/Content/DefaultTextMaterialEmmisive.uasset" 624
"../../../../../../Documents/Unreal Projects/Bombus/Content/BombusContent/Collectables/SimpleMat_Inst2.uasset" 625
"../../../../../../Documents/Unreal Projects/Bombus/Content/BombusContent/Collectables/Collectible_Bombus.uasset" 626
"../../../../../../Documents/Unreal Projects/Bombus/Content/BombusContent/Collectables/Collectible_PollenGun.uasset" 627
"../../../../../../Documents/Unreal Projects/Bombus/Content/BombusContent/Flower_Lift.uasset" 628
"../../../../../../Documents/Unreal Projects/Bombus/Content/BombusContent/Meshes/MushroomMesh/Mushroom1.uasset" 629
"../../../../../../Documents/Unreal Projects/Bombus/Content/BombusContent/Meshes/MushroomMesh/palette.uasset" 630
"../../../../../../Documents/Unreal Projects/Bombus/Content/BombusContent/Meshes/MushroomMesh/Mushroom.uasset" 631
"../../../../../../Documents/Unreal Projects/Bombus/Content/BombusContent/Flower_Mushroom.uasset" 632
"../../../../../../Documents/Unreal Projects/Bombus/Content/BombusContent/Flower_Platform.uasset" 633
"../../../../../../Documents/Unreal Projects/Bombus/Content/BombusContent/Meshes/LeafMesh/Leaf1.uasset" 634
"../../../../../../Documents/Unreal Projects/Bombus/Content/BombusContent/Meshes/LeafMesh/palette.uasset" 635
"../../../../../../Documents/Unreal Projects/Bombus/Content/BombusContent/Meshes/LeafMesh/Leaf.uasset" 636
"../../../../../../Documents/Unreal Projects/Bombus/Content/BombusContent/Flower_Wall.uasset" 637
"../../../../../../Documents/Unreal Projects/Bombus/Content/BombusContent/Meshes/ThornBushMesh/ThornBush1.uasset" 638
"../../../../../../Documents/Unreal Projects/Bombus/Content/BombusContent/Meshes/ThornBushMesh/palette.uasset" 639
"../../../../../../Documents/Unreal Projects/Bombus/Content/BombusContent/Meshes/ThornBushMesh/ThornBush.uasset" 640
"../../../../../../Documents/Unreal Projects/Bombus/Content/BombusContent/ThornBush.uasset" 641
"../../../../../../Documents/Unreal Projects/Bombus/Content/BombusContent/Collectables/SimpleMat_Inst3.uasset" 642
"../../../Engine/Content/BasicShapes/Plane.uasset" 643
"../../../../../../Documents/Unreal Projects/Bombus/Content/BombusContent/WaterHazard.uasset" 644
"../../../../../../Documents/Unreal Projects/Bombus/Content/ThirdPersonBP/Maps/ThirdPersonExampleMap_BuiltData.uasset" 645
"../../../../../../Documents/Unreal Projects/Bombus/Content/BombusContent/Sound/Bombus_Loop.uasset" 646
"../../../../../../Documents/Unreal Projects/Bombus/Content/BombusContent/Sound/Bombus_Loop_Cue.uasset" 647
"../../../../../../Documents/Unreal Projects/Bombus/Content/StarterContent/Geometry/Meshes/1M_Cube.uasset" 648
"../../../../../../Documents/Unreal Projects/Bombus/Content/StarterContent/Geometry/Meshes/TemplateFloor.uasset" 649
"../../../../../../Documents/Unreal Projects/Bombus/Content/ThirdPerson/Meshes/RampMaterial.uasset" 650
"../../../../../../Documents/Unreal Projects/Bombus/Content/ThirdPerson/Meshes/Bump_StaticMesh.uasset" 651
"../../../../../../Documents/Unreal Projects/Bombus/Content/ThirdPerson/Meshes/LeftArm_StaticMesh.uasset" 652
"../../../../../../Documents/Unreal Projects/Bombus/Content/ThirdPerson/Meshes/Linear_Stair_StaticMesh.uasset" 653
"../../../../../../Documents/Unreal Projects/Bombus/Content/ThirdPerson/Meshes/Ramp_StaticMesh.uasset" 654
"../../../../../../Documents/Unreal Projects/Bombus/Content/ThirdPerson/Meshes/RightArm_StaticMesh.uasset" 655
"../../../../../../Documents/Unreal Projects/Bombus/Content/ThirdPersonBP/Maps/ThirdPersonExampleMap.umap" 656
"../../../Engine/Content/Maps/Entry.umap" 657
